0 info it worked if it ends with ok
1 verbose cli [ '/root/.nvm/versions/node/v10.15.3/bin/node',
1 verbose cli   '/root/.nvm/versions/node/v10.15.3/bin/npm',
1 verbose cli   'install',
1 verbose cli   'peer',
1 verbose cli   'encoding@0.1.0' ]
2 info using npm@6.4.1
3 info using node@v10.15.3
4 verbose npm-session ddb4bdc4c6c59243
5 silly install loadCurrentTree
6 silly install readLocalPackageData
7 http fetch GET 200 https://registry.npmjs.org/encoding 85ms
8 silly registry:manifest no matching version for encoding@0.1.0 in the cache. Forcing revalidation
9 http fetch GET 200 https://registry.npmjs.org/peer 129ms
10 http fetch GET 304 https://registry.npmjs.org/encoding 50ms (from cache)
11 silly fetchPackageMetaData error for encoding@0.1.0 No matching version found for encoding@0.1.0
12 http fetch GET 200 https://registry.npmjs.org/peer/-/peer-0.6.1.tgz 58ms
13 silly pacote tag manifest for peer@latest fetched in 193ms
14 timing stage:rollbackFailedOptional Completed in 1ms
15 timing stage:runTopLevelLifecycles Completed in 621ms
16 verbose type version
17 verbose stack encoding: No matching version found for encoding@0.1.0
17 verbose stack     at pickManifest (/root/.nvm/versions/node/v10.15.3/lib/node_modules/npm/node_modules/npm-pick-manifest/index.js:65:11)
17 verbose stack     at fetchPackument.then.packument (/root/.nvm/versions/node/v10.15.3/lib/node_modules/npm/node_modules/pacote/lib/fetchers/registry/manifest.js:52:18)
17 verbose stack     at tryCatcher (/root/.nvm/versions/node/v10.15.3/lib/node_modules/npm/node_modules/bluebird/js/release/util.js:16:23)
17 verbose stack     at Promise._settlePromiseFromHandler (/root/.nvm/versions/node/v10.15.3/lib/node_modules/npm/node_modules/bluebird/js/release/promise.js:512:31)
17 verbose stack     at Promise._settlePromise (/root/.nvm/versions/node/v10.15.3/lib/node_modules/npm/node_modules/bluebird/js/release/promise.js:569:18)
17 verbose stack     at Promise._settlePromise0 (/root/.nvm/versions/node/v10.15.3/lib/node_modules/npm/node_modules/bluebird/js/release/promise.js:614:10)
17 verbose stack     at Promise._settlePromises (/root/.nvm/versions/node/v10.15.3/lib/node_modules/npm/node_modules/bluebird/js/release/promise.js:693:18)
17 verbose stack     at Async._drainQueue (/root/.nvm/versions/node/v10.15.3/lib/node_modules/npm/node_modules/bluebird/js/release/async.js:133:16)
17 verbose stack     at Async._drainQueues (/root/.nvm/versions/node/v10.15.3/lib/node_modules/npm/node_modules/bluebird/js/release/async.js:143:10)
17 verbose stack     at Immediate.Async.drainQueues [as _onImmediate] (/root/.nvm/versions/node/v10.15.3/lib/node_modules/npm/node_modules/bluebird/js/release/async.js:17:14)
17 verbose stack     at runCallback (timers.js:705:18)
17 verbose stack     at tryOnImmediate (timers.js:676:5)
17 verbose stack     at processImmediate (timers.js:658:5)
18 verbose cwd /root/fabric-samples/fabcar
19 verbose Linux 3.10.0-1160.59.1.el7.x86_64
20 verbose argv "/root/.nvm/versions/node/v10.15.3/bin/node" "/root/.nvm/versions/node/v10.15.3/bin/npm" "install" "peer" "encoding@0.1.0"
21 verbose node v10.15.3
22 verbose npm  v6.4.1
23 error code ETARGET
24 error notarget No matching version found for encoding@0.1.0
25 error notarget In most cases you or one of your dependencies are requesting
25 error notarget a package version that doesn't exist.
26 verbose exit [ 1, true ]
