0 verbose cli [ '/usr/bin/node', '/usr/bin/npm', 'install' ]
1 info using npm@8.5.0
2 info using node@v16.14.1
3 timing npm:load:whichnode Completed in 0ms
4 timing config:load:defaults Completed in 2ms
5 timing config:load:file:/usr/lib/node_modules/npm/npmrc Completed in 1ms
6 timing config:load:builtin Completed in 1ms
7 timing config:load:cli Completed in 2ms
8 timing config:load:env Completed in 0ms
9 timing config:load:file:/root/fabric-samples/fabcar/.npmrc Completed in 0ms
10 timing config:load:project Completed in 11ms
11 timing config:load:file:/root/.npmrc Completed in 0ms
12 timing config:load:user Completed in 0ms
13 timing config:load:file:/usr/etc/npmrc Completed in 2ms
14 timing config:load:global Completed in 2ms
15 timing config:load:validate Completed in 1ms
16 timing config:load:credentials Completed in 1ms
17 timing config:load:setEnvs Completed in 1ms
18 timing config:load Completed in 23ms
19 timing npm:load:configload Completed in 24ms
20 timing npm:load:setTitle Completed in 0ms
21 timing config:load:flatten Completed in 3ms
22 timing npm:load:display Completed in 5ms
23 verbose logfile /root/.npm/_logs/2022-05-11T04_05_57_997Z-debug-0.log
24 timing npm:load:logFile Completed in 5ms
25 timing npm:load:timers Completed in 0ms
26 timing npm:load:configScope Completed in 0ms
27 timing npm:load Completed in 35ms
28 timing arborist:ctor Completed in 1ms
29 silly logfile start cleaning logs, removing 2 files
30 timing idealTree:init Completed in 172ms
31 timing idealTree:userRequests Completed in 1ms
32 silly idealTree buildDeps
33 timing idealTree:#root Completed in 1ms
34 timing idealTree:buildDeps Completed in 2ms
35 timing idealTree:fixDepFlags Completed in 0ms
36 warn EBADENGINE Unsupported engine {
36 warn EBADENGINE   package: 'fabric-ca-client@1.4.19',
36 warn EBADENGINE   required: { node: '^10.15.3 || ^12.15.0', npm: '^6.4.1' },
36 warn EBADENGINE   current: { node: 'v16.14.1', npm: '8.5.0' }
36 warn EBADENGINE }
37 warn EBADENGINE Unsupported engine {
37 warn EBADENGINE   package: 'fabric-client@1.4.19',
37 warn EBADENGINE   required: { node: '^10.15.3 || ^12.15.0', npm: ' ^6.4.1' },
37 warn EBADENGINE   current: { node: 'v16.14.1', npm: '8.5.0' }
37 warn EBADENGINE }
38 timing idealTree Completed in 184ms
39 timing arborist:ctor Completed in 1ms
40 timing reify:loadTrees Completed in 314ms
41 timing reify:diffTrees Completed in 24ms
42 silly reify moves {}
43 timing reify:retireShallow Completed in 0ms
44 timing reify:createSparse Completed in 3ms
45 timing reify:loadBundles Completed in 0ms
46 silly audit bulk request {
46 silly audit   '@mapbox/node-pre-gyp': [ '1.0.9' ],
46 silly audit   '@types/bytebuffer': [ '5.0.43' ],
46 silly audit   '@types/long': [ '4.0.1' ],
46 silly audit   '@types/node': [ '17.0.23' ],
46 silly audit   abbrev: [ '1.1.1' ],
46 silly audit   accepts: [ '1.3.8' ],
46 silly audit   'agent-base': [ '6.0.2' ],
46 silly audit   ajv: [ '6.12.6' ],
46 silly audit   'ansi-regex': [ '5.0.1', '2.1.1' ],
46 silly audit   aproba: [ '2.0.0' ],
46 silly audit   'are-we-there-yet': [ '2.0.0' ],
46 silly audit   argparse: [ '1.0.10' ],
46 silly audit   'array-flatten': [ '1.1.1' ],
46 silly audit   ascli: [ '1.0.1' ],
46 silly audit   asn1: [ '0.2.6' ],
46 silly audit   'assert-plus': [ '1.0.0' ],
46 silly audit   async: [ '1.5.2', '1.0.0' ],
46 silly audit   asynckit: [ '0.4.0' ],
46 silly audit   'aws-sign2': [ '0.7.0' ],
46 silly audit   aws4: [ '1.11.0' ],
46 silly audit   'balanced-match': [ '1.0.2' ],
46 silly audit   'base64-js': [ '1.5.1' ],
46 silly audit   'bcrypt-pbkdf': [ '1.0.2' ],
46 silly audit   bl: [ '4.1.0' ],
46 silly audit   'bn.js': [ '4.12.0' ],
46 silly audit   'body-parser': [ '1.19.2' ],
46 silly audit   debug: [ '2.6.9', '3.2.7', '4.3.4' ],
46 silly audit   ms: [ '2.0.0', '2.1.2', '2.1.3' ],
46 silly audit   qs: [ '6.9.7', '6.5.3' ],
46 silly audit   'brace-expansion': [ '1.1.11' ],
46 silly audit   brorand: [ '1.1.0' ],
46 silly audit   'browser-request': [ '0.3.3' ],
46 silly audit   buffer: [ '5.7.1' ],
46 silly audit   bytebuffer: [ '5.0.1' ],
46 silly audit   long: [ '3.2.0', '4.0.0' ],
46 silly audit   bytes: [ '3.1.2' ],
46 silly audit   callsite: [ '1.0.0' ],
46 silly audit   camelcase: [ '2.1.1' ],
46 silly audit   caseless: [ '0.12.0' ],
46 silly audit   chownr: [ '2.0.0' ],
46 silly audit   cliui: [ '3.2.0' ],
46 silly audit   'is-fullwidth-code-point': [ '1.0.0', '3.0.0' ],
46 silly audit   'string-width': [ '1.0.2', '4.2.3' ],
46 silly audit   'strip-ansi': [ '3.0.1', '6.0.1' ],
46 silly audit   'cloudant-follow': [ '0.17.0' ],
46 silly audit   'code-point-at': [ '1.1.0' ],
46 silly audit   'color-support': [ '1.1.3' ],
46 silly audit   colors: [ '1.0.3' ],
46 silly audit   colour: [ '0.7.1' ],
46 silly audit   'combined-stream': [ '1.0.8' ],
46 silly audit   'concat-map': [ '0.0.1' ],
46 silly audit   'console-control-strings': [ '1.1.0' ],
46 silly audit   'content-disposition': [ '0.5.4' ],
46 silly audit   'content-type': [ '1.0.4' ],
46 silly audit   cookie: [ '0.4.2' ],
46 silly audit   'cookie-signature': [ '1.0.6' ],
46 silly audit   'core-util-is': [ '1.0.2' ],
46 silly audit   cycle: [ '1.0.3' ],
46 silly audit   dashdash: [ '1.14.1' ],
46 silly audit   decamelize: [ '1.2.0' ],
46 silly audit   'delayed-stream': [ '1.0.0' ],
46 silly audit   delegates: [ '1.0.0' ],
46 silly audit   depd: [ '1.1.2' ],
46 silly audit   destroy: [ '1.0.4' ],
46 silly audit   'detect-libc': [ '2.0.1' ],
46 silly audit   'ecc-jsbn': [ '0.1.2' ],
46 silly audit   'ee-first': [ '1.1.1' ],
46 silly audit   elliptic: [ '6.5.4' ],
46 silly audit   'emoji-regex': [ '8.0.0' ],
46 silly audit   encodeurl: [ '1.0.2' ],
46 silly audit   'end-of-stream': [ '1.4.4' ],
46 silly audit   errs: [ '0.3.2' ],
46 silly audit   'escape-html': [ '1.0.3' ],
46 silly audit   esprima: [ '4.0.1' ],
46 silly audit   etag: [ '1.8.1' ],
46 silly audit   express: [ '4.17.3' ],
46 silly audit   extend: [ '3.0.2' ],
46 silly audit   extsprintf: [ '1.3.0' ],
46 silly audit   eyes: [ '0.1.8' ],
46 silly audit   'fabric-ca-client': [ '1.4.19' ],
46 silly audit   'fabric-client': [ '1.4.19' ],
46 silly audit   'fast-deep-equal': [ '3.1.3' ],
46 silly audit   'fast-json-stable-stringify': [ '2.1.0' ],
46 silly audit   finalhandler: [ '1.1.2' ],
46 silly audit   'forever-agent': [ '0.6.1' ],
46 silly audit   'form-data': [ '2.3.3' ],
46 silly audit   forwarded: [ '0.2.0' ],
46 silly audit   fresh: [ '0.5.2' ],
46 silly audit   'fs-constants': [ '1.0.0' ],
46 silly audit   'fs-extra': [ '8.1.0' ],
46 silly audit   'fs-minipass': [ '2.1.0' ],
46 silly audit   'fs.realpath': [ '1.0.0' ],
46 silly audit   gauge: [ '3.0.2' ],
46 silly audit   getpass: [ '0.1.7' ],
46 silly audit   glob: [ '7.2.0' ],
46 silly audit   'graceful-fs': [ '4.2.9' ],
46 silly audit   grpc: [ '1.24.11' ],
46 silly audit   'har-schema': [ '2.0.0' ],
46 silly audit   'har-validator': [ '5.1.5' ],
46 silly audit   'has-unicode': [ '2.0.1' ],
46 silly audit   'hash.js': [ '1.1.7' ],
46 silly audit   'hmac-drbg': [ '1.0.1' ],
46 silly audit   'http-errors': [ '1.8.1' ],
46 silly audit   'http-signature': [ '1.2.0' ],
46 silly audit   'https-proxy-agent': [ '5.0.0' ],
46 silly audit   'iconv-lite': [ '0.4.24' ],
46 silly audit   ieee754: [ '1.2.1' ],
46 silly audit   'ignore-walk': [ '3.0.4' ],
46 silly audit   inflight: [ '1.0.6' ],
46 silly audit   inherits: [ '2.0.4' ],
46 silly audit   ini: [ '1.3.8' ],
46 silly audit   'invert-kv': [ '1.0.0' ],
46 silly audit   'ipaddr.js': [ '1.9.1' ],
46 silly audit   'is-typedarray': [ '1.0.0' ],
46 silly audit   isstream: [ '0.1.2' ],
46 silly audit   'js-sha3': [ '0.7.0' ],
46 silly audit   'js-yaml': [ '3.14.1' ],
46 silly audit   jsbn: [ '0.1.1' ],
46 silly audit   'json-schema': [ '0.4.0' ],
46 silly audit   'json-schema-traverse': [ '0.4.1' ],
46 silly audit   'json-stringify-safe': [ '5.0.1' ],
46 silly audit   jsonfile: [ '4.0.0' ],
46 silly audit   jsprim: [ '1.4.2' ],
46 silly audit   jsrsasign: [ '10.5.14' ],
46 silly audit   klaw: [ '4.0.1' ],
46 silly audit   lcid: [ '1.0.0' ],
46 silly audit   'lodash.camelcase': [ '4.3.0' ],
46 silly audit   'lodash.clone': [ '4.5.0' ],
46 silly audit   'lodash.isempty': [ '4.4.0' ],
46 silly audit   'lru-cache': [ '6.0.0' ],
46 silly audit   'make-dir': [ '3.1.0' ],
46 silly audit   semver: [ '6.3.0', '7.3.5' ],
46 silly audit   'media-typer': [ '0.3.0' ],
46 silly audit   'merge-descriptors': [ '1.0.1' ],
46 silly audit   methods: [ '1.1.2' ],
46 silly audit   mime: [ '1.6.0' ],
46 silly audit   'mime-db': [ '1.52.0' ],
46 silly audit   'mime-types': [ '2.1.35' ],
46 silly audit   'minimalistic-assert': [ '1.0.1' ],
46 silly audit   'minimalistic-crypto-utils': [ '1.0.1' ],
46 silly audit   minimatch: [ '3.1.2' ],
46 silly audit   minipass: [ '3.1.6' ],
46 silly audit   minizlib: [ '2.1.2' ],
46 silly audit   mkdirp: [ '1.0.4' ],
46 silly audit   nan: [ '2.15.0' ],
46 silly audit   nano: [ '6.4.4' ],
46 silly audit   nconf: [ '0.10.0' ],
46 silly audit   negotiator: [ '0.6.3' ],
46 silly audit   'node-fetch': [ '2.6.7' ],
46 silly audit   nopt: [ '5.0.0' ],
46 silly audit   npmlog: [ '5.0.1' ],
46 silly audit   'number-is-nan': [ '1.0.1' ],
46 silly audit   'oauth-sign': [ '0.9.0' ],
46 silly audit   'object-assign': [ '4.1.1' ],
46 silly audit   'on-finished': [ '2.3.0' ],
46 silly audit   once: [ '1.4.0' ],
46 silly audit   optjs: [ '3.2.2' ],
46 silly audit   'os-locale': [ '1.4.0' ],
46 silly audit   parseurl: [ '1.3.3' ],
46 silly audit   'path-is-absolute': [ '1.0.1' ],
46 silly audit   'path-to-regexp': [ '0.1.7' ],
46 silly audit   'performance-now': [ '2.1.0' ],
46 silly audit   pkcs11js: [ '1.3.0' ],
46 silly audit   'promise-settle': [ '0.3.0' ],
46 silly audit   protobufjs: [ '5.0.3' ],
46 silly audit   'proxy-addr': [ '2.0.7' ],
46 silly audit   psl: [ '1.8.0' ],
46 silly audit   punycode: [ '2.1.1', '1.3.2' ],
46 silly audit   querystring: [ '0.2.0' ],
46 silly audit   'range-parser': [ '1.2.1' ],
46 silly audit   'raw-body': [ '2.4.3' ],
46 silly audit   'readable-stream': [ '3.6.0' ],
46 silly audit   request: [ '2.88.2' ],
46 silly audit   rimraf: [ '3.0.2' ],
46 silly audit   'safe-buffer': [ '5.2.1' ],
46 silly audit   'safer-buffer': [ '2.1.2' ],
46 silly audit   'secure-keys': [ '1.0.0' ],
46 silly audit   send: [ '0.17.2' ],
46 silly audit   'serve-static': [ '1.14.2' ],
46 silly audit   'set-blocking': [ '2.0.0' ],
46 silly audit   setprototypeof: [ '1.2.0' ],
46 silly audit   'signal-exit': [ '3.0.7' ],
46 silly audit   sjcl: [ '1.0.7' ],
46 silly audit   'sprintf-js': [ '1.0.3' ],
46 silly audit   sshpk: [ '1.17.0' ],
46 silly audit   'stack-trace': [ '0.0.10' ],
46 silly audit   statuses: [ '1.5.0' ],
46 silly audit   string_decoder: [ '1.3.0' ],
46 silly audit   tar: [ '6.1.11' ],
46 silly audit   'tar-stream': [ '2.2.0' ],
46 silly audit   toidentifier: [ '1.0.1' ],
46 silly audit   'tough-cookie': [ '2.5.0' ],
46 silly audit   tr46: [ '0.0.3' ],
46 silly audit   'tunnel-agent': [ '0.6.0' ],
46 silly audit   tweetnacl: [ '0.14.5' ],
46 silly audit   'type-is': [ '1.6.18' ],
46 silly audit   universalify: [ '0.1.2' ],
46 silly audit   unpipe: [ '1.0.0' ],
46 silly audit   'uri-js': [ '4.4.1' ],
46 silly audit   url: [ '0.11.0' ],
46 silly audit   'util-deprecate': [ '1.0.2' ],
46 silly audit   'utils-merge': [ '1.0.1' ],
46 silly audit   uuid: [ '3.4.0' ],
46 silly audit   vary: [ '1.1.2' ],
46 silly audit   verror: [ '1.10.0' ],
46 silly audit   'webidl-conversions': [ '3.0.1' ],
46 silly audit   'whatwg-url': [ '5.0.0' ],
46 silly audit   'wide-align': [ '1.1.5' ],
46 silly audit   'window-size': [ '0.1.4' ],
46 silly audit   winston: [ '2.4.5' ],
46 silly audit   'wrap-ansi': [ '2.1.0' ],
46 silly audit   wrappy: [ '1.0.2' ],
46 silly audit   y18n: [ '3.2.2' ],
46 silly audit   yallist: [ '4.0.0' ],
46 silly audit   yargs: [ '3.32.0' ]
46 silly audit }
47 timing reifyNode:node_modules/pkcs11js Completed in 65ms
48 timing reify:unpack Completed in 65ms
49 timing reify:unretire Completed in 0ms
50 timing build:queue Completed in 1ms
51 info run pkcs11js@1.3.0 install node_modules/pkcs11js node-gyp rebuild
52 http fetch POST 200 https://registry.npmjs.org/-/npm/v1/security/advisories/bulk 129ms
53 timing auditReport:getReport Completed in 133ms
54 silly audit report {
54 silly audit report   async: [
54 silly audit report     {
54 silly audit report       id: 1070206,
54 silly audit report       url: 'https://github.com/advisories/GHSA-fwr7-v2mv-hh25',
54 silly audit report       title: 'Prototype Pollution in async',
54 silly audit report       severity: 'high',
54 silly audit report       vulnerable_versions: '<2.6.4',
54 silly audit report       cwe: [Array],
54 silly audit report       cvss: [Object]
54 silly audit report     }
54 silly audit report   ],
54 silly audit report   nconf: [
54 silly audit report     {
54 silly audit report       id: 1070223,
54 silly audit report       url: 'https://github.com/advisories/GHSA-6xwr-q98w-rvg7',
54 silly audit report       title: 'Prototype Pollution in nconf',
54 silly audit report       severity: 'high',
54 silly audit report       vulnerable_versions: '<0.11.4',
54 silly audit report       cwe: [Array],
54 silly audit report       cvss: [Object]
54 silly audit report     }
54 silly audit report   ]
54 silly audit report }
55 timing metavuln:cache:get:security-advisory:async:WFyfJ5CCGrpHtYucwAKG7Z02f+7xI7qr61DrlwFMnEuIwq14thmHbrwSl/GTfb9wQaTPP80IV7l2F/0iHfBdmg== Completed in 13ms
56 timing metavuln:cache:get:security-advisory:nconf:/t62kYCyWl+VKCTafMdtcARwlBscjmb43UeazMwWq9XbelP0AYkALnEMJ/QIxvQ0ylTN4ceXaN0NVJpVMQ14YA== Completed in 12ms
57 http fetch GET 200 https://registry.npmjs.org/nconf 52ms (cache revalidated)
58 timing metavuln:packument:nconf Completed in 53ms
59 timing metavuln:load:security-advisory:nconf:1070223 Completed in 2ms
60 timing metavuln:calculate:security-advisory:nconf:1070223 Completed in 55ms
61 http fetch GET 200 https://registry.npmjs.org/async 61ms (cache revalidated)
62 timing metavuln:packument:async Completed in 65ms
63 timing metavuln:load:security-advisory:async:1070206 Completed in 1ms
64 timing metavuln:calculate:security-advisory:async:1070206 Completed in 67ms
65 timing metavuln:cache:get:security-advisory:nconf:H+DofylAnF0N5ZWSvrXQaHRky64HfuftVTeOIUKiPzg8Qqh0kekiLFw73WCqyjpPoLyCypJaxzgw5P5x81rJWQ== Completed in 11ms
66 timing metavuln:load:security-advisory:nconf:WFyfJ5CCGrpHtYucwAKG7Z02f+7xI7qr61DrlwFMnEuIwq14thmHbrwSl/GTfb9wQaTPP80IV7l2F/0iHfBdmg== Completed in 1ms
67 timing metavuln:calculate:security-advisory:nconf:WFyfJ5CCGrpHtYucwAKG7Z02f+7xI7qr61DrlwFMnEuIwq14thmHbrwSl/GTfb9wQaTPP80IV7l2F/0iHfBdmg== Completed in 12ms
68 timing metavuln:cache:get:security-advisory:winston:sXFvvRBEiVfK6J/QMpwS2BghqAsRcr/RgS4ovmYuBnuhfu01FwYmWPp5cMq91A9poxwx7Q3Ep/gVy3X6Esrxxg== Completed in 12ms
69 http fetch GET 200 https://registry.npmjs.org/winston 44ms (cache revalidated)
70 timing metavuln:packument:winston Completed in 46ms
71 timing metavuln:load:security-advisory:winston:WFyfJ5CCGrpHtYucwAKG7Z02f+7xI7qr61DrlwFMnEuIwq14thmHbrwSl/GTfb9wQaTPP80IV7l2F/0iHfBdmg== Completed in 1ms
72 timing metavuln:calculate:security-advisory:winston:WFyfJ5CCGrpHtYucwAKG7Z02f+7xI7qr61DrlwFMnEuIwq14thmHbrwSl/GTfb9wQaTPP80IV7l2F/0iHfBdmg== Completed in 47ms
73 timing metavuln:cache:get:security-advisory:fabric-client:63UcHseC5GPi3+tjjAhetMG7sno1So+AEwqUAzi7cRUy+OPYePXLe3/YME+sj/0pekWiy5zSHGJD3AlusUeFXQ== Completed in 8ms
74 http fetch GET 200 https://registry.npmjs.org/fabric-client 146ms (cache revalidated)
75 timing metavuln:packument:fabric-client Completed in 162ms
76 timing metavuln:load:security-advisory:fabric-client:/t62kYCyWl+VKCTafMdtcARwlBscjmb43UeazMwWq9XbelP0AYkALnEMJ/QIxvQ0ylTN4ceXaN0NVJpVMQ14YA== Completed in 48ms
77 timing metavuln:calculate:security-advisory:fabric-client:/t62kYCyWl+VKCTafMdtcARwlBscjmb43UeazMwWq9XbelP0AYkALnEMJ/QIxvQ0ylTN4ceXaN0NVJpVMQ14YA== Completed in 211ms
78 timing metavuln:cache:get:security-advisory:fabric-client:7Vw4MJwsvWXSnbyC9UOjL6M/itwbeQNDAVQGT7mmmQSbv2V7Sfruz+M2wo1NheyNlBGnfV6mZ9L5nssF+mS/iQ== Completed in 22ms
79 timing metavuln:load:security-advisory:fabric-client:sXFvvRBEiVfK6J/QMpwS2BghqAsRcr/RgS4ovmYuBnuhfu01FwYmWPp5cMq91A9poxwx7Q3Ep/gVy3X6Esrxxg== Completed in 12ms
80 timing metavuln:calculate:security-advisory:fabric-client:sXFvvRBEiVfK6J/QMpwS2BghqAsRcr/RgS4ovmYuBnuhfu01FwYmWPp5cMq91A9poxwx7Q3Ep/gVy3X6Esrxxg== Completed in 35ms
81 timing metavuln:cache:get:security-advisory:fabric-ca-client:yN4H4eMsnOyB924BrX5kDbnGNUHd+xKmuK3ytq6vWt1+u/nNWGDDTepVJh6pk0MqTpflkzjCUA2vagH4lEeiow== Completed in 38ms
82 http fetch GET 200 https://registry.npmjs.org/fabric-ca-client 149ms (cache updated)
83 timing metavuln:packument:fabric-ca-client Completed in 165ms
84 timing metavuln:load:security-advisory:fabric-ca-client:sXFvvRBEiVfK6J/QMpwS2BghqAsRcr/RgS4ovmYuBnuhfu01FwYmWPp5cMq91A9poxwx7Q3Ep/gVy3X6Esrxxg== Completed in 61ms
85 timing metavuln:cache:put:security-advisory:fabric-ca-client:yN4H4eMsnOyB924BrX5kDbnGNUHd+xKmuK3ytq6vWt1+u/nNWGDDTepVJh6pk0MqTpflkzjCUA2vagH4lEeiow== Completed in 41ms
86 timing metavuln:calculate:security-advisory:fabric-ca-client:sXFvvRBEiVfK6J/QMpwS2BghqAsRcr/RgS4ovmYuBnuhfu01FwYmWPp5cMq91A9poxwx7Q3Ep/gVy3X6Esrxxg== Completed in 268ms
87 timing auditReport:init Completed in 699ms
88 timing reify:audit Completed in 836ms
89 info run pkcs11js@1.3.0 install { code: 1, signal: null }
90 verbose reify failed optional dependency /root/fabric-samples/fabcar/node_modules/pkcs11js
91 silly reify mark deleted [ '/root/fabric-samples/fabcar/node_modules/pkcs11js' ]
92 timing build:run:install:node_modules/pkcs11js Completed in 867ms
93 timing build:run:install Completed in 868ms
94 timing build:deps Completed in 869ms
95 timing build Completed in 869ms
96 timing reify:build Completed in 870ms
97 timing reify:trash Completed in 10ms
98 timing reify:save Completed in 44ms
99 timing reify Completed in 1368ms
100 silly ADD
101 timing command:install Completed in 1404ms
102 verbose exit 0
103 timing npm Completed in 1646ms
104 info ok
