0 verbose cli [ '/usr/bin/node', '/usr/bin/npm', 'install', '-g', 'nvm' ]
1 info using npm@8.5.0
2 info using node@v16.14.1
3 timing npm:load:whichnode Completed in 0ms
4 timing config:load:defaults Completed in 2ms
5 timing config:load:file:/usr/lib/node_modules/npm/npmrc Completed in 1ms
6 timing config:load:builtin Completed in 2ms
7 timing config:load:cli Completed in 2ms
8 timing config:load:env Completed in 0ms
9 timing config:load:project Completed in 14ms
10 timing config:load:file:/root/.npmrc Completed in 0ms
11 timing config:load:user Completed in 0ms
12 timing config:load:file:/usr/etc/npmrc Completed in 2ms
13 timing config:load:global Completed in 2ms
14 timing config:load:validate Completed in 0ms
15 timing config:load:credentials Completed in 2ms
16 timing config:load:setEnvs Completed in 1ms
17 timing config:load Completed in 26ms
18 timing npm:load:configload Completed in 26ms
19 timing npm:load:setTitle Completed in 0ms
20 timing config:load:flatten Completed in 4ms
21 timing npm:load:display Completed in 6ms
22 verbose logfile /root/.npm/_logs/2022-05-11T03_58_02_114Z-debug-0.log
23 timing npm:load:logFile Completed in 9ms
24 timing npm:load:timers Completed in 0ms
25 timing npm:load:configScope Completed in 0ms
26 timing npm:load Completed in 41ms
27 timing arborist:ctor Completed in 1ms
28 silly logfile start cleaning logs, removing 1 files
29 timing idealTree:init Completed in 6ms
30 timing idealTree:userRequests Completed in 2ms
31 silly idealTree buildDeps
32 silly fetch manifest nvm@*
33 http fetch GET 200 https://registry.npmjs.org/nvm 196ms (cache miss)
34 silly placeDep ROOT nvm@0.0.4 OK for:  want: *
35 timing idealTree:#root Completed in 208ms
36 timing idealTree:node_modules/nvm Completed in 0ms
37 timing idealTree:buildDeps Completed in 210ms
38 timing idealTree:fixDepFlags Completed in 0ms
39 timing idealTree Completed in 220ms
40 timing reify:loadTrees Completed in 222ms
41 timing reify:diffTrees Completed in 1ms
42 silly reify moves {}
43 timing reify:retireShallow Completed in 0ms
44 timing reify:createSparse Completed in 1ms
45 timing reify:loadBundles Completed in 0ms
46 silly audit bulk request { nvm: [ '0.0.4' ] }
47 silly tarball no local data for nvm@https://registry.npmjs.org/nvm/-/nvm-0.0.4.tgz. Extracting by manifest.
48 http fetch POST 200 https://registry.npmjs.org/-/npm/v1/security/advisories/bulk 70ms
49 timing auditReport:getReport Completed in 71ms
50 silly audit report {}
51 timing auditReport:init Completed in 0ms
52 timing reify:audit Completed in 71ms
53 http fetch GET 200 https://registry.npmjs.org/nvm/-/nvm-0.0.4.tgz 81ms (cache miss)
54 warn deprecated nvm@0.0.4: This is NOT the correct nvm. Visit https://nvm.sh and use the curl command to install it.
55 timing reifyNode:node_modules/nvm Completed in 92ms
56 timing reify:unpack Completed in 93ms
57 timing reify:unretire Completed in 0ms
58 timing build:queue Completed in 1ms
59 timing build:link:node_modules/nvm Completed in 2ms
60 timing build:link Completed in 2ms
61 timing build:deps Completed in 3ms
62 timing build Completed in 3ms
63 timing reify:build Completed in 3ms
64 timing reify:trash Completed in 0ms
65 timing reify Completed in 341ms
66 silly ADD node_modules/nvm
67 timing command:install Completed in 347ms
68 verbose exit 0
69 timing npm Completed in 712ms
70 info ok
